<?xml version="1.0" encoding="UTF-8"?>
<!-- Generated by org.testng.reporters.JUnitXMLReporter -->
<testsuite hostname="VIKAS" tests="4" failures="0" timestamp="24 Jun 2018 11:48:07 GMT" time="39.983" errors="0">
  <testcase name="loginGmail" time="4.194" classname="gmailTests"/>
  <testcase name="unreadMails" time="10.62" classname="gmailTests"/>
  <testcase name="readFirstUnreadMail" time="0.66" classname="gmailTests"/>
  <testcase name="updateUnreadMails" time="7.244" classname="gmailTests"/>
</testsuite>
