<?xml version="1.0" encoding="UTF-8"?>
<testng-results skipped="0" failed="0" total="3" passed="3">
  <reporter-output>
  </reporter-output>
  <suite name="Surefire suite" duration-ms="101844" started-at="2018-06-26T20:58:32Z" finished-at="2018-06-26T21:00:14Z">
    <groups>
    </groups>
    <test name="Surefire test" duration-ms="101844" started-at="2018-06-26T20:58:32Z" finished-at="2018-06-26T21:00:14Z">
      <class name="gmailTests">
        <test-method status="PASS" signature="LaunchSignInPage()[pri:0, instance:gmailTests@3b81a1bc]" name="LaunchSignInPage" is-config="true" duration-ms="20860" started-at="2018-06-27T02:28:32Z" finished-at="2018-06-27T02:28:53Z">
          <reporter-output>
          </reporter-output>
        </test-method> <!-- LaunchSignInPage -->
        <test-method status="PASS" signature="loginGmail()[pri:0, instance:gmailTests@3b81a1bc]" name="loginGmail" duration-ms="11584" started-at="2018-06-27T02:28:53Z" finished-at="2018-06-27T02:29:05Z">
          <reporter-output>
          </reporter-output>
        </test-method> <!-- loginGmail -->
        <test-method status="PASS" signature="unreadMails()[pri:0, instance:gmailTests@3b81a1bc]" name="unreadMails" duration-ms="8530" started-at="2018-06-27T02:29:05Z" finished-at="2018-06-27T02:29:13Z">
          <reporter-output>
          </reporter-output>
        </test-method> <!-- unreadMails -->
        <test-method status="PASS" signature="readFirstUnreadMail()[pri:0, instance:gmailTests@3b81a1bc]" name="readFirstUnreadMail" duration-ms="60838" started-at="2018-06-27T02:29:13Z" finished-at="2018-06-27T02:30:14Z">
          <reporter-output>
          </reporter-output>
        </test-method> <!-- readFirstUnreadMail -->
        <test-method status="PASS" signature="close()[pri:0, instance:gmailTests@3b81a1bc]" name="close" is-config="true" duration-ms="4" started-at="2018-06-27T02:30:14Z" finished-at="2018-06-27T02:30:14Z">
          <reporter-output>
          </reporter-output>
        </test-method> <!-- close -->
      </class> <!-- gmailTests -->
    </test> <!-- Surefire test -->
  </suite> <!-- Surefire suite -->
</testng-results>
